<?xml version="1.0" encoding="UTF-8"?>
<!-- Generated by org.testng.reporters.JUnitReportReporter -->
<testsuite skipped="0" hostname="Varuns-MacBook-Pro.local" name="com.qa.test.ArthematicOperation" tests="2" failures="0" timestamp="19 Sep 2018 05:30:47 GMT" time="0.021" errors="0">
  <testcase name="subs" time="0.004" classname="com.qa.test.ArthematicOperation"/>
  <testcase name="add" time="0.017" classname="com.qa.test.ArthematicOperation"/>
</testsuite> <!-- com.qa.test.ArthematicOperation -->
